[debug] [2021-08-09T18:39:07.990Z] ----------------------------------------------------------------------
[debug] [2021-08-09T18:39:07.993Z] Command:       /usr/local/bin/node /usr/local/bin/firebase init
[debug] [2021-08-09T18:39:07.993Z] CLI Version:   9.16.0
[debug] [2021-08-09T18:39:07.993Z] Platform:      linux
[debug] [2021-08-09T18:39:07.993Z] Node Version:  v16.1.0
[debug] [2021-08-09T18:39:07.994Z] Time:          Tue Aug 10 2021 00:09:07 GMT+0530 (India Standard Time)
[debug] [2021-08-09T18:39:07.994Z] ----------------------------------------------------------------------
[debug] 
[debug] [2021-08-09T18:39:08.000Z] > command requires scopes: ["email","openid","https://www.googleapis.com/auth/cloudplatformprojects.readonly","https://www.googleapis.com/auth/firebase","https://www.googleapis.com/auth/cloud-platform"]
[debug] [2021-08-09T18:39:08.001Z] > authorizing via signed-in user (dankparth@gmail.com)
[info] 
     ######## #### ########  ######## ########     ###     ######  ########
     ##        ##  ##     ## ##       ##     ##  ##   ##  ##       ##
     ######    ##  ########  ######   ########  #########  ######  ######
     ##        ##  ##    ##  ##       ##     ## ##     ##       ## ##
     ##       #### ##     ## ######## ########  ##     ##  ######  ########

You're about to initialize a Firebase project in this directory:

  /home/dhrpsr/parth-proj/anime-streaming

[info] 
=== Project Setup
[info] 
[info] First, let's associate this project directory with a Firebase project.
[info] You can create multiple project aliases by running firebase use --add, 
[info] but for now we'll just set up a default project.
[info] 
[info] i  If you want to create a project in a Google Cloud organization or folder, please use "firebase projects:create" instead, and return to this command when you've created the project. 
[debug] [2021-08-09T18:39:16.869Z] > refreshing access token with scopes: ["email","https://www.googleapis.com/auth/cloud-platform","https://www.googleapis.com/auth/cloudplatformprojects.readonly","https://www.googleapis.com/auth/firebase","openid"]
[debug] [2021-08-09T18:39:16.871Z] >>> HTTP REQUEST POST https://www.googleapis.com/oauth2/v3/token  
 <request body omitted>
[debug] [2021-08-09T18:39:17.107Z] <<< HTTP RESPONSE 200 {"cache-control":"no-cache, no-store, max-age=0, must-revalidate","pragma":"no-cache","date":"Mon, 09 Aug 2021 18:39:17 GMT","expires":"Mon, 01 Jan 1990 00:00:00 GMT","content-type":"application/json; charset=utf-8","vary":"X-Origin, Referer, Origin,Accept-Encoding","server":"scaffolding on HTTPServer2","x-xss-protection":"0","x-frame-options":"SAMEORIGIN","x-content-type-options":"nosniff","alt-svc":"h3=\":443\"; ma=2592000,h3-29=\":443\"; ma=2592000,h3-T051=\":443\"; ma=2592000,h3-Q050=\":443\"; ma=2592000,h3-Q046=\":443\"; ma=2592000,h3-Q043=\":443\"; ma=2592000,quic=\":443\"; ma=2592000; v=\"46,43\"","accept-ranges":"none","transfer-encoding":"chunked"}
[debug] [2021-08-09T18:39:18.385Z] >>> HTTP REQUEST POST https://cloudresourcemanager.googleapis.com/v1/projects  
 {"projectId":"anime4351","name":"anime4351"}
[debug] [2021-08-09T18:39:20.401Z] <<< HTTP RESPONSE 200 {"content-type":"application/json; charset=UTF-8","vary":"X-Origin, Referer, Origin,Accept-Encoding","date":"Mon, 09 Aug 2021 18:39:20 GMT","server":"ESF","cache-control":"private","x-xss-protection":"0","x-frame-options":"SAMEORIGIN","x-content-type-options":"nosniff","server-timing":"gfet4t7; dur=1752","alt-svc":"h3=\":443\"; ma=2592000,h3-29=\":443\"; ma=2592000,h3-T051=\":443\"; ma=2592000,h3-Q050=\":443\"; ma=2592000,h3-Q046=\":443\"; ma=2592000,h3-Q043=\":443\"; ma=2592000,quic=\":443\"; ma=2592000; v=\"46,43\"","accept-ranges":"none","transfer-encoding":"chunked"}
[debug] [2021-08-09T18:39:20.414Z] > refreshing access token with scopes: []
[debug] [2021-08-09T18:39:20.415Z] >>> HTTP REQUEST POST https://www.googleapis.com/oauth2/v3/token  
 <request body omitted>
[debug] [2021-08-09T18:39:20.605Z] <<< HTTP RESPONSE 200 {"cache-control":"no-cache, no-store, max-age=0, must-revalidate","date":"Mon, 09 Aug 2021 18:39:20 GMT","pragma":"no-cache","expires":"Mon, 01 Jan 1990 00:00:00 GMT","content-type":"application/json; charset=utf-8","vary":"X-Origin, Referer, Origin,Accept-Encoding","server":"scaffolding on HTTPServer2","x-xss-protection":"0","x-frame-options":"SAMEORIGIN","x-content-type-options":"nosniff","alt-svc":"h3=\":443\"; ma=2592000,h3-29=\":443\"; ma=2592000,h3-T051=\":443\"; ma=2592000,h3-Q050=\":443\"; ma=2592000,h3-Q046=\":443\"; ma=2592000,h3-Q043=\":443\"; ma=2592000,quic=\":443\"; ma=2592000; v=\"46,43\"","accept-ranges":"none","transfer-encoding":"chunked"}
[debug] [2021-08-09T18:39:20.776Z] >>> [apiv2][query] GET https://cloudresourcemanager.googleapis.com/v1/operations/cp.7767386709448843238 [none]
[debug] [2021-08-09T18:39:22.473Z] <<< [apiv2][status] GET https://cloudresourcemanager.googleapis.com/v1/operations/cp.7767386709448843238 200
[debug] [2021-08-09T18:39:22.474Z] <<< [apiv2][body] GET https://cloudresourcemanager.googleapis.com/v1/operations/cp.7767386709448843238 {"name":"operations/cp.7767386709448843238","metadata":{"@type":"type.googleapis.com/google.cloudresourcemanager.v1.ProjectCreationStatus","ready":true},"done":true,"error":{"code":8,"message":"The project cannot be created because you have exceeded your allotted project quota.","details":[{"@type":"type.googleapis.com/google.rpc.QuotaFailure","violations":[{"description":"The project cannot be created because you have exceeded your allotted project quota."}]}]}}
[debug] [2021-08-09T18:39:22.660Z] FirebaseError: The project cannot be created because you have exceeded your allotted project quota.
    at OperationPoller.poll (/usr/local/lib/node_modules/firebase-tools/lib/operation-poller.js:23:19)
    at processTicksAndRejections (node:internal/process/task_queues:96:5)
    at async createCloudProject (/usr/local/lib/node_modules/firebase-tools/lib/management/projects.js:181:29)
    at async Object.createFirebaseProjectAndLog (/usr/local/lib/node_modules/firebase-tools/lib/management/projects.js:46:9)
    at async promptAndCreateNewProject (/usr/local/lib/node_modules/firebase-tools/lib/init/features/project.js:32:12)
    at async Object.doSetup [as project] (/usr/local/lib/node_modules/firebase-tools/lib/init/features/project.js:87:27)
    at async init (/usr/local/lib/node_modules/firebase-tools/lib/init/index.js:19:9)
[error] 
[error] Error: Failed to create project. See firebase-debug.log for more info.
